<?xml version="1.0" encoding="UTF-8"?>
<testng-results ignored="0" total="1" passed="1" failed="0" skipped="0">
  <reporter-output>
  </reporter-output>
  <suite started-at="2024-02-28T14:58:57 IST" name="Suite" finished-at="2024-02-28T14:59:00 IST" duration-ms="3051">
    <groups>
    </groups>
    <test started-at="2024-02-28T14:58:57 IST" name="Test" finished-at="2024-02-28T14:59:00 IST" duration-ms="3051">
      <class name="Axis_Data_Driven.Data_driven_framework.ReadExcel">
        <test-method signature="fblogin()[pri:0, instance:Axis_Data_Driven.Data_driven_framework.ReadExcel@2f8dad04]" started-at="2024-02-28T14:58:57 IST" name="fblogin" finished-at="2024-02-28T14:59:00 IST" duration-ms="3013" status="PASS">
          <reporter-output>
          </reporter-output>
        </test-method> <!-- fblogin -->
      </class> <!-- Axis_Data_Driven.Data_driven_framework.ReadExcel -->
    </test> <!-- Test -->
  </suite> <!-- Suite -->
</testng-results>
