<?xml version="1.0" encoding="UTF-8"?>
<testng-results ignored="0" total="1" passed="1" failed="0" skipped="0">
  <reporter-output>
  </reporter-output>
  <suite started-at="2024-02-27T14:04:34 IST" name="Default suite" finished-at="2024-02-27T14:04:37 IST" duration-ms="3277">
    <groups>
    </groups>
    <test started-at="2024-02-27T14:04:34 IST" name="Default test" finished-at="2024-02-27T14:04:37 IST" duration-ms="3277">
      <class name="Axis_Data_Driven.Data_driven_framework.writeinexcel">
        <test-method signature="fblogin()[pri:0, instance:Axis_Data_Driven.Data_driven_framework.writeinexcel@15bbf42f]" started-at="2024-02-27T14:04:34 IST" name="fblogin" finished-at="2024-02-27T14:04:37 IST" duration-ms="3243" status="PASS">
          <reporter-output>
          </reporter-output>
        </test-method> <!-- fblogin -->
      </class> <!-- Axis_Data_Driven.Data_driven_framework.writeinexcel -->
    </test> <!-- Default test -->
  </suite> <!-- Default suite -->
</testng-results>
